<?xml version="1.0" encoding="UTF-8"?>
<!-- Generated by org.testng.reporters.JUnitReportReporter -->
<testsuite hostname="DESKTOP-L06357O" failures="0" tests="1" name="MyTestcases.SignUp" time="11.769" errors="0" timestamp="2024-01-29T05:59:51 IST" skipped="0">
  <testcase classname="MyTestcases.SignUp" name="myFirstTest" time="11.769"/>
  <system-out/>
</testsuite> <!-- MyTestcases.SignUp -->
