<?xml version="1.0" encoding="UTF-8"?>
<!-- Generated by org.testng.reporters.JUnitReportReporter -->
<testsuite hostname="DESKTOP-L06357O" failures="0" tests="4" name="MyTestcases.SignUp" time="27.857" errors="0" timestamp="2024-01-30T11:48:15 IST" skipped="0">
  <testcase classname="MyTestcases.SignUp" name="myFirstTest" time="7.631"/>
  <system-out/>
  <testcase classname="MyTestcases.SignUp" name="logoutProcess" time="1.553"/>
  <system-out/>
  <testcase classname="MyTestcases.SignUp" name="LoginProcess" time="6.116"/>
  <system-out/>
  <testcase classname="MyTestcases.SignUp" name="addOneRandomItem" time="12.557"/>
  <system-out/>
</testsuite> <!-- MyTestcases.SignUp -->
